[12/28/12 2:54 PM] <none> attacked crazytaxi01§r
[12/28/12 2:55 PM] <none> attacked crazytaxi01§r
[12/28/12 3:00 PM] <none> attacked §4iancarroll§r§r
[12/28/12 3:00 PM] <none> attacked §4iancarroll§r§r
[12/28/12 3:00 PM] <none> attacked §4iancarroll§r§r
[12/28/12 3:00 PM] <none> attacked §4iancarroll§r§r
[12/28/12 3:00 PM] <none> attacked §4iancarroll§r§r
[12/28/12 3:01 PM] <none> attacked §4iancarroll§r§r
[12/28/12 3:01 PM] <none> attacked §4iancarroll§r§r
[12/28/12 3:02 PM] <none> attacked §4iancarroll§r§r
[12/28/12 3:06 PM] <none> attacked §4iancarroll§r§r
[12/28/12 3:06 PM] <none> attacked §4iancarroll§r§r
[12/28/12 3:06 PM] <none> attacked §4iancarroll§r§r
[12/28/12 3:06 PM] <none> attacked §4iancarroll§r§r
[12/28/12 3:06 PM] <none> attacked §4iancarroll§r§r
[12/28/12 3:06 PM] <none> attacked §4iancarroll§r§r
[12/28/12 3:09 PM] enderman attacked crazytaxi01§r
[12/28/12 3:09 PM] spider attacked §4iancarroll§r§r
[12/28/12 3:09 PM] spider attacked §4iancarroll§r§r
[12/28/12 3:09 PM] <none> attacked §4iancarroll§r§r
[12/28/12 3:09 PM] <none> attacked §4iancarroll§r§r
[12/28/12 3:09 PM] <none> attacked §4iancarroll§r§r
[12/28/12 3:09 PM] <none> attacked §4iancarroll§r§r
[12/28/12 3:09 PM] <none> attacked §4iancarroll§r§r
[12/28/12 3:09 PM] <none> attacked §4iancarroll§r§r
[12/28/12 3:09 PM] <none> attacked §4iancarroll§r§r
[12/28/12 3:09 PM] <none> attacked §4iancarroll§r§r
[12/28/12 3:09 PM] <none> attacked §4iancarroll§r§r
[12/28/12 3:09 PM] <none> attacked §4iancarroll§r§r
[12/28/12 3:09 PM] <none> attacked §4iancarroll§r§r
[12/28/12 3:09 PM] <none> attacked §4iancarroll§r§r
[12/28/12 3:09 PM] spider attacked §4iancarroll§r§r
[12/28/12 3:09 PM] <none> attacked §4iancarroll§r§r
[12/28/12 3:09 PM] <none> attacked §4iancarroll§r§r
[12/28/12 3:09 PM] <none> attacked §4iancarroll§r§r
[12/28/12 3:09 PM] <none> attacked §4iancarroll§r§r
[12/28/12 3:09 PM] <none> attacked §4iancarroll§r§r
[12/28/12 3:09 PM] <none> attacked §4iancarroll§r§r
[12/28/12 3:09 PM] <none> attacked §4iancarroll§r§r
[12/28/12 3:09 PM] <none> attacked §4iancarroll§r§r
[12/28/12 3:09 PM] <none> attacked §4iancarroll§r§r
[12/28/12 3:09 PM] <none> attacked §4iancarroll§r§r
[12/28/12 3:09 PM] <none> attacked §4iancarroll§r§r
[12/28/12 3:09 PM] <none> attacked §4iancarroll§r§r
[12/28/12 3:09 PM] <none> attacked §4iancarroll§r§r
[12/28/12 3:09 PM] <none> attacked §4iancarroll§r§r
[12/28/12 3:09 PM] <none> attacked §4iancarroll§r§r
[12/28/12 3:09 PM] <none> attacked §4iancarroll§r§r
[12/28/12 3:09 PM] <none> attacked §4iancarroll§r§r
[12/28/12 3:09 PM] <none> attacked §4iancarroll§r§r
[12/28/12 3:09 PM] <none> attacked §4iancarroll§r§r
[12/28/12 3:09 PM] <none> attacked §4iancarroll§r§r
[12/28/12 3:09 PM] spider attacked §4iancarroll§r§r
[12/28/12 3:09 PM] <none> attacked §4iancarroll§r§r
[12/28/12 3:09 PM] <none> attacked §4iancarroll§r§r
[12/28/12 3:09 PM] <none> attacked §4iancarroll§r§r
[12/28/12 3:09 PM] <none> attacked §4iancarroll§r§r
[12/28/12 3:09 PM] <none> attacked §4iancarroll§r§r
[12/28/12 3:09 PM] <none> attacked §4iancarroll§r§r
[12/28/12 3:09 PM] <none> attacked §4iancarroll§r§r
[12/28/12 3:09 PM] <none> attacked §4iancarroll§r§r
[12/28/12 3:09 PM] <none> attacked §4iancarroll§r§r
[12/28/12 3:09 PM] <none> attacked §4iancarroll§r§r
[12/28/12 3:09 PM] <none> attacked §4iancarroll§r§r
[12/28/12 3:09 PM] <none> attacked §4iancarroll§r§r
[12/28/12 3:09 PM] <none> attacked §4iancarroll§r§r
[12/28/12 3:09 PM] <none> attacked §4iancarroll§r§r
[12/28/12 3:09 PM] <none> attacked §4iancarroll§r§r
[12/28/12 3:09 PM] <none> attacked §4iancarroll§r§r
[12/28/12 3:09 PM] <none> attacked §4iancarroll§r§r
[12/28/12 3:09 PM] <none> attacked §4iancarroll§r§r
[12/28/12 3:09 PM] <none> attacked §4iancarroll§r§r
[12/28/12 3:09 PM] <none> attacked §4iancarroll§r§r
[12/28/12 3:09 PM] <none> attacked §4iancarroll§r§r
[12/28/12 3:09 PM] <none> attacked §4iancarroll§r§r
[12/28/12 3:09 PM] <none> attacked §4iancarroll§r§r
[12/28/12 3:09 PM] <none> attacked §4iancarroll§r§r
[12/28/12 3:09 PM] <none> attacked §4iancarroll§r§r
[12/28/12 3:09 PM] <none> attacked §4iancarroll§r§r
[12/28/12 3:09 PM] spider attacked §4iancarroll§r§r
[12/28/12 3:09 PM] spider attacked §4iancarroll§r§r
[12/28/12 3:09 PM] creeper attacked crazytaxi01§r
[12/28/12 3:09 PM] creeper attacked §4iancarroll§r§r
[12/28/12 3:09 PM] skeleton attacked crazytaxi01§r
[12/28/12 3:09 PM] <none> attacked §4iancarroll§r§r
[12/28/12 3:12 PM] skeleton attacked crazytaxi01§r
[12/28/12 3:13 PM] <none> attacked crazytaxi01§r
[12/28/12 3:14 PM] creeper attacked crazysmith01§r
[12/28/12 3:16 PM] <none> attacked crazysmith01§r
[12/28/12 3:17 PM] <none> attacked §4iancarroll§r§r
[12/28/12 3:17 PM] <none> attacked §4iancarroll§r§r
[12/28/12 3:17 PM] <none> attacked crazytaxi01§r
[12/28/12 3:17 PM] <none> attacked §4iancarroll§r§r
[12/28/12 3:17 PM] <none> attacked crazytaxi01§r
[12/28/12 3:17 PM] <none> attacked §4iancarroll§r§r
[12/28/12 3:17 PM] <none> attacked §4iancarroll§r§r
[12/28/12 3:17 PM] <none> attacked §4iancarroll§r§r
[12/28/12 3:17 PM] <none> attacked §4iancarroll§r§r
[12/28/12 3:17 PM] <none> attacked §4iancarroll§r§r
[12/28/12 3:17 PM] <none> attacked §4iancarroll§r§r
[12/28/12 3:17 PM] <none> attacked §4iancarroll§r§r
[12/28/12 3:17 PM] <none> attacked §4iancarroll§r§r
[12/28/12 3:17 PM] <none> attacked §4iancarroll§r§r
[12/28/12 3:17 PM] <none> attacked §4iancarroll§r§r
[12/28/12 3:17 PM] <none> attacked §4iancarroll§r§r
[12/28/12 3:20 PM] <none> attacked crazytaxi01§r
[12/28/12 3:20 PM] <none> attacked §4iancarroll§r§r
[12/28/12 3:20 PM] <none> attacked §4iancarroll§r§r
[12/28/12 3:20 PM] <none> attacked §4iancarroll§r§r
[12/28/12 3:20 PM] <none> attacked §4iancarroll§r§r
[12/28/12 3:20 PM] <none> attacked §4iancarroll§r§r
[12/28/12 3:20 PM] <none> attacked §4iancarroll§r§r
[12/28/12 3:20 PM] <none> attacked §4iancarroll§r§r
[12/28/12 3:20 PM] <none> attacked §4iancarroll§r§r
[12/28/12 3:20 PM] <none> attacked §4iancarroll§r§r
[12/28/12 3:20 PM] <none> attacked §4iancarroll§r§r
[12/28/12 3:20 PM] <none> attacked §4iancarroll§r§r
[12/28/12 3:20 PM] <none> attacked §4iancarroll§r§r
[12/28/12 3:20 PM] <none> attacked §4iancarroll§r§r
[12/28/12 3:20 PM] <none> attacked §4iancarroll§r§r
[12/28/12 3:20 PM] <none> attacked §4iancarroll§r§r
[12/28/12 3:20 PM] <none> attacked §4iancarroll§r§r
[12/28/12 3:20 PM] <none> attacked §4iancarroll§r§r
[12/28/12 3:20 PM] <none> attacked §4iancarroll§r§r
[12/28/12 3:20 PM] <none> attacked §4iancarroll§r§r
[12/28/12 3:20 PM] <none> attacked §4iancarroll§r§r
[12/28/12 3:20 PM] <none> attacked §4iancarroll§r§r
[12/28/12 3:20 PM] <none> attacked §4iancarroll§r§r
[12/28/12 3:20 PM] <none> attacked §4iancarroll§r§r
[12/28/12 3:20 PM] <none> attacked §4iancarroll§r§r
[12/28/12 3:20 PM] <none> attacked §4iancarroll§r§r
[12/28/12 3:20 PM] <none> attacked §4iancarroll§r§r
[12/28/12 3:20 PM] <none> attacked §4iancarroll§r§r
[12/28/12 3:20 PM] <none> attacked §4iancarroll§r§r
[12/28/12 3:21 PM] <none> attacked §4iancarroll§r§r
[12/28/12 3:21 PM] <none> attacked §4iancarroll§r§r
[12/28/12 3:21 PM] <none> attacked §4iancarroll§r§r
[12/28/12 3:21 PM] <none> attacked §4iancarroll§r§r
[12/28/12 3:21 PM] <none> attacked §4iancarroll§r§r
[12/28/12 3:21 PM] <none> attacked §4iancarroll§r§r
[12/28/12 3:21 PM] <none> attacked §4iancarroll§r§r
[12/28/12 3:21 PM] <none> attacked §4iancarroll§r§r
[12/28/12 3:21 PM] <none> attacked §4iancarroll§r§r
[12/28/12 3:21 PM] <none> attacked §4iancarroll§r§r
[12/28/12 3:21 PM] <none> attacked §4iancarroll§r§r
[12/28/12 3:21 PM] <none> attacked §4iancarroll§r§r
[12/28/12 3:21 PM] <none> attacked §4iancarroll§r§r
[12/28/12 3:21 PM] <none> attacked §4iancarroll§r§r
[12/28/12 3:21 PM] <none> attacked §4iancarroll§r§r
[12/28/12 3:21 PM] <none> attacked §4iancarroll§r§r
[12/28/12 3:21 PM] <none> attacked §4iancarroll§r§r
[12/28/12 3:21 PM] <none> attacked §4iancarroll§r§r
[12/28/12 3:21 PM] <none> attacked §4iancarroll§r§r
[12/28/12 3:21 PM] <none> attacked §4iancarroll§r§r
[12/28/12 3:21 PM] <none> attacked §4iancarroll§r§r
[12/28/12 3:21 PM] <none> attacked §4iancarroll§r§r
[12/28/12 3:21 PM] <none> attacked §4iancarroll§r§r
[12/28/12 3:21 PM] <none> attacked §4iancarroll§r§r
[12/28/12 3:21 PM] <none> attacked §4iancarroll§r§r
[12/28/12 3:21 PM] <none> attacked §4iancarroll§r§r
[12/28/12 3:21 PM] <none> attacked §4iancarroll§r§r
[12/28/12 3:21 PM] <none> attacked §4iancarroll§r§r
[12/28/12 3:21 PM] <none> attacked §4iancarroll§r§r
[12/28/12 3:21 PM] <none> attacked §4iancarroll§r§r
[12/28/12 3:21 PM] <none> attacked §4iancarroll§r§r
[12/28/12 3:21 PM] <none> attacked §4iancarroll§r§r
[12/28/12 3:21 PM] <none> attacked §4iancarroll§r§r
[12/28/12 3:21 PM] <none> attacked §4iancarroll§r§r
[12/28/12 3:21 PM] <none> attacked §4iancarroll§r§r
[12/28/12 3:21 PM] <none> attacked §4iancarroll§r§r
[12/28/12 3:23 PM] <none> attacked §4iancarroll§r§r
[12/28/12 3:23 PM] <none> attacked §4iancarroll§r§r
[12/28/12 3:23 PM] <none> attacked §4iancarroll§r§r
[12/28/12 3:23 PM] <none> attacked §4iancarroll§r§r
[12/28/12 3:23 PM] <none> attacked §4iancarroll§r§r
[12/28/12 3:23 PM] <none> attacked §4iancarroll§r§r
[12/28/12 3:23 PM] <none> attacked §4iancarroll§r§r
[12/28/12 3:23 PM] <none> attacked §4iancarroll§r§r
[12/28/12 3:23 PM] <none> attacked §4iancarroll§r§r
[12/28/12 3:23 PM] <none> attacked §4iancarroll§r§r
[12/28/12 3:23 PM] <none> attacked §4iancarroll§r§r
[12/28/12 3:23 PM] <none> attacked §4iancarroll§r§r
[12/28/12 3:23 PM] <none> attacked §4iancarroll§r§r
[12/28/12 3:23 PM] <none> attacked §4iancarroll§r§r
[12/28/12 3:23 PM] <none> attacked §4iancarroll§r§r
[12/28/12 3:23 PM] <none> attacked §4iancarroll§r§r
[12/28/12 3:23 PM] <none> attacked §4iancarroll§r§r
[12/28/12 3:24 PM] <none> attacked §4iancarroll§r§r
[12/28/12 3:24 PM] <none> attacked §4iancarroll§r§r
[12/28/12 3:24 PM] <none> attacked §4iancarroll§r§r
[12/28/12 3:24 PM] <none> attacked §4iancarroll§r§r
[12/28/12 3:24 PM] <none> attacked §4iancarroll§r§r
