[12/28/12 2:24 PM] <none> killed <none>
[12/28/12 2:24 PM] <none> killed <none>
[12/28/12 2:25 PM] <none> killed <none>
[12/28/12 2:26 PM] <none> killed <none>
[12/28/12 2:28 PM] <none> killed <none>
[12/28/12 2:28 PM] <none> killed <none>
[12/28/12 2:29 PM] <none> killed <none>
[12/28/12 2:29 PM] <none> killed <none>
[12/28/12 2:29 PM] <none> killed <none>
[12/28/12 2:29 PM] <none> killed <none>
[12/28/12 2:29 PM] <none> killed <none>
[12/28/12 2:32 PM] <none> killed <none>
[12/28/12 2:34 PM] <none> killed §4iancarroll§r§r
[12/28/12 2:35 PM] <none> killed <none>
[12/28/12 2:35 PM] <none> killed §4iancarroll§r§r
[12/28/12 2:35 PM] <none> killed §4iancarroll§r§r
[12/28/12 2:36 PM] <none> killed <none>
[12/28/12 2:36 PM] <none> killed <none>
[12/28/12 2:37 PM] <none> killed <none>
[12/28/12 2:37 PM] <none> killed <none>
[12/28/12 2:37 PM] <none> killed <none>
[12/28/12 2:37 PM] <none> killed <none>
[12/28/12 2:37 PM] <none> killed <none>
[12/28/12 2:39 PM] <none> killed <none>
[12/28/12 2:40 PM] <none> killed <none>
[12/28/12 2:41 PM] <none> killed <none>
[12/28/12 2:41 PM] <none> killed <none>
[12/28/12 2:43 PM] <none> killed <none>
[12/28/12 2:46 PM] <none> killed <none>
[12/28/12 2:46 PM] <none> killed <none>
[12/28/12 2:46 PM] <none> killed <none>
[12/28/12 2:46 PM] <none> killed <none>
[12/28/12 2:47 PM] <none> killed <none>
[12/28/12 2:48 PM] <none> killed <none>
[12/28/12 2:51 PM] <none> killed <none>
[12/28/12 2:51 PM] <none> killed <none>
[12/28/12 2:51 PM] <none> killed <none>
[12/28/12 2:51 PM] <none> killed <none>
[12/28/12 2:53 PM] <none> killed <none>
[12/28/12 2:53 PM] <none> killed <none>
[12/28/12 2:54 PM] <none> killed <none>
[12/28/12 2:55 PM] <none> killed <none>
[12/28/12 2:55 PM] <none> killed <none>
[12/28/12 2:55 PM] <none> killed <none>
[12/28/12 2:56 PM] <none> killed <none>
[12/28/12 2:56 PM] <none> killed <none>
[12/28/12 2:57 PM] <none> killed <none>
[12/28/12 3:00 PM] <none> killed <none>
[12/28/12 3:01 PM] <none> killed <none>
[12/28/12 3:02 PM] <none> killed <none>
[12/28/12 3:04 PM] <none> killed <none>
[12/28/12 3:05 PM] <none> killed <none>
[12/28/12 3:05 PM] <none> killed <none>
[12/28/12 3:05 PM] <none> killed <none>
[12/28/12 3:06 PM] crazytaxi01§r killed <none>
[12/28/12 3:06 PM] <none> killed <none>
[12/28/12 3:06 PM] <none> killed <none>
[12/28/12 3:06 PM] <none> killed <none>
[12/28/12 3:06 PM] <none> killed <none>
[12/28/12 3:08 PM] <none> killed <none>
[12/28/12 3:08 PM] <none> killed <none>
[12/28/12 3:09 PM] <none> killed §4iancarroll§r§r
[12/28/12 3:09 PM] <none> killed §4iancarroll§r§r
[12/28/12 3:09 PM] creeper killed <none>
[12/28/12 3:09 PM] <none> killed <none>
[12/28/12 3:09 PM] creeper killed <none>
[12/28/12 3:09 PM] creeper killed §4iancarroll§r§r
[12/28/12 3:09 PM] creeper killed <none>
[12/28/12 3:09 PM] <none> killed <none>
[12/28/12 3:10 PM] <none> killed <none>
[12/28/12 3:11 PM] <none> killed <none>
[12/28/12 3:11 PM] <none> killed <none>
[12/28/12 3:11 PM] <none> killed <none>
[12/28/12 3:11 PM] <none> killed <none>
[12/28/12 3:11 PM] <none> killed <none>
[12/28/12 3:11 PM] <none> killed <none>
[12/28/12 3:11 PM] <none> killed <none>
[12/28/12 3:12 PM] <none> killed <none>
[12/28/12 3:12 PM] crazytaxi01§r killed <none>
[12/28/12 3:12 PM] <none> killed <none>
[12/28/12 3:12 PM] crazytaxi01§r killed <none>
[12/28/12 3:12 PM] <none> killed <none>
[12/28/12 3:13 PM] skeleton killed crazytaxi01§r
[12/28/12 3:13 PM] skeleton killed crazytaxi01§r
[12/28/12 3:14 PM] skeleton killed crazytaxi01§r
[12/28/12 3:15 PM] crazytaxi01§r killed <none>
[12/28/12 3:15 PM] <none> killed <none>
[12/28/12 3:15 PM] <none> killed <none>
[12/28/12 3:16 PM] ocelot killed <none>
[12/28/12 3:17 PM] <none> killed crazytaxi01§r
[12/28/12 3:18 PM] <none> killed <none>
[12/28/12 3:19 PM] <none> killed <none>
[12/28/12 3:20 PM] <none> killed <none>
[12/28/12 3:22 PM] <none> killed <none>
[12/28/12 3:22 PM] <none> killed <none>
[12/28/12 3:23 PM] <none> killed <none>
[12/28/12 3:23 PM] <none> killed <none>
[12/28/12 3:23 PM] <none> killed <none>
[12/28/12 3:24 PM] <none> killed <none>
[12/28/12 3:24 PM] <none> killed <none>
[12/28/12 3:24 PM] <none> killed <none>
[12/28/12 3:24 PM] <none> killed <none>
[12/28/12 3:25 PM] <none> killed <none>
[12/28/12 3:26 PM] <none> killed <none>
[12/28/12 3:26 PM] <none> killed <none>
[12/28/12 3:26 PM] <none> killed <none>
[12/28/12 3:29 PM] <none> killed <none>
[12/28/12 3:29 PM] <none> killed <none>
[12/28/12 3:29 PM] <none> killed <none>
[12/28/12 3:29 PM] <none> killed <none>
[12/28/12 3:30 PM] <none> killed <none>
[12/28/12 3:30 PM] <none> killed <none>
[12/28/12 3:30 PM] <none> killed <none>
[12/28/12 3:31 PM] <none> killed <none>
[12/28/12 3:31 PM] <none> killed <none>
[12/28/12 3:32 PM] <none> killed <none>
[12/28/12 3:32 PM] <none> killed <none>
[12/28/12 3:32 PM] <none> killed <none>
[12/28/12 3:37 PM] <none> killed <none>
[12/28/12 3:38 PM] <none> killed <none>
[12/28/12 3:39 PM] <none> killed <none>
[12/28/12 3:39 PM] <none> killed <none>
[12/28/12 3:39 PM] <none> killed <none>
[12/28/12 3:39 PM] <none> killed <none>
[12/28/12 3:48 PM] <none> killed <none>
[12/28/12 3:49 PM] <none> killed <none>
[12/28/12 3:50 PM] <none> killed <none>
[12/28/12 3:50 PM] <none> killed <none>
[12/28/12 3:51 PM] <none> killed <none>
[12/28/12 3:51 PM] <none> killed <none>
[12/28/12 3:51 PM] <none> killed <none>
[12/28/12 3:51 PM] <none> killed <none>
[12/28/12 3:52 PM] <none> killed <none>
[12/28/12 3:53 PM] <none> killed <none>
[12/28/12 3:55 PM] <none> killed <none>
[12/28/12 3:55 PM] <none> killed <none>
[12/28/12 3:57 PM] <none> killed <none>
[12/28/12 3:58 PM] <none> killed <none>
[12/28/12 4:00 PM] <none> killed <none>
[12/28/12 4:02 PM] <none> killed <none>
[12/28/12 4:05 PM] <none> killed <none>
[12/28/12 4:08 PM] <none> killed <none>
[12/28/12 7:47 PM] <none> killed <none>
[12/28/12 7:47 PM] <none> killed <none>
[12/28/12 7:50 PM] <none> killed <none>
[12/28/12 7:51 PM] <none> killed <none>
[12/28/12 7:52 PM] <none> killed <none>
[12/28/12 7:52 PM] <none> killed <none>
[12/28/12 7:53 PM] <none> killed <none>
[12/28/12 7:55 PM] <none> killed <none>
[12/28/12 7:55 PM] <none> killed <none>
[12/28/12 7:56 PM] <none> killed <none>
[12/28/12 8:03 PM] <none> killed <none>
[12/28/12 8:04 PM] <none> killed <none>
[12/28/12 8:07 PM] <none> killed <none>
[12/28/12 8:08 PM] <none> killed <none>
[12/28/12 8:10 PM] <none> killed <none>
[12/28/12 8:10 PM] <none> killed <none>
[12/28/12 8:11 PM] <none> killed <none>
[12/28/12 8:11 PM] <none> killed <none>
[12/28/12 8:13 PM] <none> killed <none>
